# 06/15/24 16:58:02
parm ../tleap/solvated_3b3j_monomer.parm7
trajin ../mdrun/3b3j_monomer_md400.mdcrd 1 last 10
unwrap :1-326 
center origin :1-326
autoimage
strip :WAT,Na+,Cl-
rmsd :1-326&!@H= first perres perresavg range 1-326 perres out rmsd_byres_3b3j_monomer_400.dat
rms all @N,CA,C first out 3b3j_monomer_all_rmsd.dat
rms pro :1-326&@N,CA,C first out 3b3j_monomer_pro_rmsd.dat
atomicfluct :1-326&!(@H=) out rmsf_3b3j_monomer_400.dat byres
radgyr :1-326&!(@H=) out rog_3b3j_monomer_400.dat mass
trajout aligned_3b3j_monomer_md400_ski10.mdcrd nobox
run
clear all
parm ../tleap/solvated_3b3j_monomer.parm7
parmstrip :WAT,Na+,Cl-
parmwrite out stripped_3b3j_monomer.parm7
run
clear all
parm ../tleap/solvated_3b3j_monomer.parm7
trajin ../mdrun/3b3j_monomer_md400.mdcrd 1 last 10
unwrap :1-326 
center origin :1-326
autoimage
strip :WAT,Na+,Cl-
rms first @N,C,CA
average @N,C,CA crdset trajaverage3b3jMonomer
createcrd trajectory3b3jMonomer
run
crdaction trajectory3b3jMonomer rms ref trajaverage3b3jMonomer @N,C,CA
crdaction trajectory3b3jMonomer matrix covar name covmatrix3b3jMonomer @N,C,CA
runanalysis diagmatrix covmatrix3b3jMonomer out evecs3b3jMonomer.dat vecs 10 name eigenvectors3b3jMonomer nmwiz nmwizvecs 10 nmwizfile normalmodes3b3jMonomer.nmd nmwizmask @N,C,CA
crdaction trajectory3b3jMonomer projection modes eigenvectors3b3jMonomer beg 1 end 10 @N,C,CA out pca3b3jMonomer.dat crdframes 1,last
run
clear all
readdata evecs3b3jMonomer.dat name eigenvectors3b3jMonomer
parm stripped_3b3j_monomer.parm7
parmwrite out 3b3jMonomer.prmtop
runanalysis modes name eigenvectors3b3jMonomer trajout modes3b3jMonomer.dcd pcmin -150 pcmax 150 tmode 1 trajoutmask @N,C,CA trajoutfmt dcd
run
clear all
# 06/23/24 05:33:57
parm stripped_3b3j_monomer.prmt7
quit
# 06/23/24 05:36:09
parm stripped_3b3j_monomer.parm7
trajin ../equilibration/3b3j_mono_equil2.rst7
trajin ../equilibration/3b3j_mono_equil2.rst7
trajin ../equilibration/3b3j_mono_equil2.rst7
