log started: Fri Jun  7 16:39:19 2024

Log file: ./leap.log
>> #
>> # ----- leaprc for loading the ff14SB force field
>> # ----- NOTE: this is designed for PDB format 3!
>> #
>> #	load atom type hybridizations
>> #
>> addAtomTypes {
>> 	{ "H"   "H" "sp3" }
>> 	{ "HO"  "H" "sp3" }
>> 	{ "HS"  "H" "sp3" }
>> 	{ "H1"  "H" "sp3" }
>> 	{ "H2"  "H" "sp3" }
>> 	{ "H3"  "H" "sp3" }
>> 	{ "H4"  "H" "sp3" }
>> 	{ "H5"  "H" "sp3" }
>> 	{ "HW"  "H" "sp3" }
>> 	{ "HC"  "H" "sp3" }
>> 	{ "HA"  "H" "sp3" }
>> 	{ "HP"  "H" "sp3" }
>> 	{ "HZ"  "H" "sp3" }
>> 	{ "OH"  "O" "sp3" }
>> 	{ "OS"  "O" "sp3" }
>> 	{ "O"   "O" "sp2" }
>> 	{ "O2"  "O" "sp2" }
>> 	{ "OP"  "O" "sp2" }
>> 	{ "OW"  "O" "sp3" }
>> 	{ "CT"  "C" "sp3" }
>> 	{ "CX"  "C" "sp3" }
>> 	{ "C8"  "C" "sp3" }
>> 	{ "2C"  "C" "sp3" }
>> 	{ "3C"  "C" "sp3" }
>> 	{ "CH"  "C" "sp3" }
>> 	{ "CS"  "C" "sp2" }
>> 	{ "C"   "C" "sp2" }
>> 	{ "CO"   "C" "sp2" }
>> 	{ "C*"  "C" "sp2" }
>> 	{ "CA"  "C" "sp2" }
>> 	{ "CB"  "C" "sp2" }
>> 	{ "CC"  "C" "sp2" }
>> 	{ "CN"  "C" "sp2" }
>> 	{ "CM"  "C" "sp2" }
>> 	{ "CK"  "C" "sp2" }
>> 	{ "CQ"  "C" "sp2" }
>> 	{ "CD"  "C" "sp2" }
>> 	{ "C5"  "C" "sp2" }
>> 	{ "C4"  "C" "sp2" }
>> 	{ "CP"  "C" "sp2" }
>> 	{ "CI"  "C" "sp3" }
>> 	{ "CJ"  "C" "sp2" }
>> 	{ "CW"  "C" "sp2" }
>> 	{ "CV"  "C" "sp2" }
>> 	{ "CR"  "C" "sp2" }
>> 	{ "CA"  "C" "sp2" }
>> 	{ "CY"  "C" "sp2" }
>> 	{ "C0"  "Ca" "sp3" }
>> 	{ "MG"  "Mg" "sp3" }
>> 	{ "N"   "N" "sp2" }
>> 	{ "NA"  "N" "sp2" }
>> 	{ "N2"  "N" "sp2" }
>> 	{ "N*"  "N" "sp2" }
>> 	{ "NP"  "N" "sp2" }
>> 	{ "NQ"  "N" "sp2" }
>> 	{ "NB"  "N" "sp2" }
>> 	{ "NC"  "N" "sp2" }
>> 	{ "NT"  "N" "sp3" }
>> 	{ "NY"  "N" "sp2" }
>> 	{ "N3"  "N" "sp3" }
>> 	{ "S"   "S" "sp3" }
>> 	{ "SH"  "S" "sp3" }
>> 	{ "P"   "P" "sp3" }
>> 	{ "LP"  ""  "sp3" }
>> 	{ "EP"  ""  "sp3" }
>> 	{ "F"   "F" "sp3" }
>> 	{ "Cl"  "Cl" "sp3" }
>> 	{ "Br"  "Br" "sp3" }
>> 	{ "I"   "I"  "sp3" }
>> }
>> #
>> #	Load the main parameter set.
>> #
>> parm10 = loadamberparams parm10.dat
Loading parameters: /mnt/c/Installers/amber22/dat/leap/parm/parm10.dat
Reading title:
PARM99 + frcmod.ff99SB + frcmod.parmbsc0 + OL3 for RNA
>> frcmod14SB = loadamberparams frcmod.ff14SB
Loading parameters: /mnt/c/Installers/amber22/dat/leap/parm/frcmod.ff14SB
Reading force field modification type file (frcmod)
Reading title:
ff14SB protein backbone and sidechain parameters
>> #
>> #	Load main chain and terminating amino acid libraries
>> #
>> loadOff amino12.lib
Loading library: /mnt/c/Installers/amber22/dat/leap/lib/amino12.lib
Loading: ALA
Loading: ARG
Loading: ASH
Loading: ASN
Loading: ASP
Loading: CYM
Loading: CYS
Loading: CYX
Loading: GLH
Loading: GLN
Loading: GLU
Loading: GLY
Loading: HID
Loading: HIE
Loading: HIP
Loading: HYP
Loading: ILE
Loading: LEU
Loading: LYN
Loading: LYS
Loading: MET
Loading: PHE
Loading: PRO
Loading: SER
Loading: THR
Loading: TRP
Loading: TYR
Loading: VAL
>> loadOff aminoct12.lib
Loading library: /mnt/c/Installers/amber22/dat/leap/lib/aminoct12.lib
Loading: CALA
Loading: CARG
Loading: CASN
Loading: CASP
Loading: CCYS
Loading: CCYX
Loading: CGLN
Loading: CGLU
Loading: CGLY
Loading: CHID
Loading: CHIE
Loading: CHIP
Loading: CHYP
Loading: CILE
Loading: CLEU
Loading: CLYS
Loading: CMET
Loading: CPHE
Loading: CPRO
Loading: CSER
Loading: CTHR
Loading: CTRP
Loading: CTYR
Loading: CVAL
Loading: NHE
Loading: NME
>> loadOff aminont12.lib
Loading library: /mnt/c/Installers/amber22/dat/leap/lib/aminont12.lib
Loading: ACE
Loading: NALA
Loading: NARG
Loading: NASN
Loading: NASP
Loading: NCYS
Loading: NCYX
Loading: NGLN
Loading: NGLU
Loading: NGLY
Loading: NHID
Loading: NHIE
Loading: NHIP
Loading: NILE
Loading: NLEU
Loading: NLYS
Loading: NMET
Loading: NPHE
Loading: NPRO
Loading: NSER
Loading: NTHR
Loading: NTRP
Loading: NTYR
Loading: NVAL
>> 
>> #
>> #	Define the PDB name map for the amino acids
>> #
>> addPdbResMap {
>>   { 0 "HYP" "HYP" } { 1 "HYP" "CHYP" }
>>   { 0 "ALA" "NALA" } { 1 "ALA" "CALA" }
>>   { 0 "ARG" "NARG" } { 1 "ARG" "CARG" }
>>   { 0 "ASN" "NASN" } { 1 "ASN" "CASN" }
>>   { 0 "ASP" "NASP" } { 1 "ASP" "CASP" }
>>   { 0 "CYS" "NCYS" } { 1 "CYS" "CCYS" }
>>   { 0 "CYX" "NCYX" } { 1 "CYX" "CCYX" }
>>   { 0 "GLN" "NGLN" } { 1 "GLN" "CGLN" }
>>   { 0 "GLU" "NGLU" } { 1 "GLU" "CGLU" }
>>   { 0 "GLY" "NGLY" } { 1 "GLY" "CGLY" }
>>   { 0 "HID" "NHID" } { 1 "HID" "CHID" }
>>   { 0 "HIE" "NHIE" } { 1 "HIE" "CHIE" }
>>   { 0 "HIP" "NHIP" } { 1 "HIP" "CHIP" }
>>   { 0 "ILE" "NILE" } { 1 "ILE" "CILE" }
>>   { 0 "LEU" "NLEU" } { 1 "LEU" "CLEU" }
>>   { 0 "LYS" "NLYS" } { 1 "LYS" "CLYS" }
>>   { 0 "MET" "NMET" } { 1 "MET" "CMET" }
>>   { 0 "PHE" "NPHE" } { 1 "PHE" "CPHE" }
>>   { 0 "PRO" "NPRO" } { 1 "PRO" "CPRO" }
>>   { 0 "SER" "NSER" } { 1 "SER" "CSER" }
>>   { 0 "THR" "NTHR" } { 1 "THR" "CTHR" }
>>   { 0 "TRP" "NTRP" } { 1 "TRP" "CTRP" }
>>   { 0 "TYR" "NTYR" } { 1 "TYR" "CTYR" }
>>   { 0 "VAL" "NVAL" } { 1 "VAL" "CVAL" }
>>   { 0 "HIS" "NHIS" } { 1 "HIS" "CHIS" }
>> }
>> 
>> #
>> # assume that most often proteins use HIE
>> #
>> NHIS = NHIE
>> HIS = HIE
>> CHIS = CHIE
> 
> #load TIP3P (water) force field
> source leaprc.water.tip3p

/mnt/c/Installers/amber22/bin/teLeap: Note.
A carriage return character has been read.
This is an indicator of DOS line endings.
Although LEaP treats it as whitespace, other programs may not.
One can convert line endings from DOS to UNIX with various tools including:
    dos2unix
----- Source: /mnt/c/Installers/amber22/dat/leap/cmd/leaprc.water.tip3p
----- Source of /mnt/c/Installers/amber22/dat/leap/cmd/leaprc.water.tip3p done
>> #
>> #       Load water and ions for TIP3P + Li/Merz monovalent ions 
>> #       + Joung-Chetham monovalent ions
>> #       + Li/Merz highly charged ions (+2 to +4, 12-6 normal usage set)
>> #
>> #       Note: the Li/Merz monovalent set is loaded only to get Tl+,
>> #          Cu+, Ag+ NH4+, H3O+.  Since we load Joung-Cheatham second,
>> #          the alkali halide parameters come from the Joung-Cheatham set
>> #
>> addAtomTypes {
>> 	{ "HW"  "H" "sp3" }
>> 	{ "OW"  "O" "sp3" }
>> 	{ "F-"   "F" "sp3" }
>> 	{ "Cl-"  "Cl" "sp3" }
>> 	{ "Br-"  "Br" "sp3" }
>> 	{ "I-"   "I"  "sp3" }
>> 	{ "Li+"  "Li"  "sp3" }
>> 	{ "Na+"  "Na"  "sp3" }
>> 	{ "K+"  "K"  "sp3" }
>> 	{ "Rb+"  "Rb"  "sp3" }
>> 	{ "Cs+"  "Cs"  "sp3" }
>> 	{ "Mg+"  "Mg"  "sp3" }
>>     { "Tl+"  "Tl"  "sp3" }
>>     { "Cu+"  "Cu"  "sp3" }
>>     { "Ag+"  "Ag"  "sp3" }
>>     { "NH4+"  "N"  "sp3" }
>>     { "H3O+"  "O"  "sp3" }
>>     { "Be2+" "Be"  "sp3" }
>>     { "Cu2+" "Cu"  "sp3" }
>>     { "Ni2+" "Ni"  "sp3" }
>>     { "Pt2+" "Pt"  "sp3" }
>>     { "Zn2+" "Zn"  "sp3" }
>>     { "Co2+" "Co"  "sp3" }
>>     { "Pd2+" "Pd"  "sp3" }
>>     { "Ag2+" "Ag"  "sp3" }
>>     { "Cr2+" "Cr"  "sp3" }
>>     { "Fe2+" "Fe"  "sp3" }
>>     { "Mg2+" "Mg"  "sp3" }
>>     { "V2+"  "V"   "sp3" }
>>     { "Mn2+" "Mn"  "sp3" }
>>     { "Hg2+" "Hg"  "sp3" }
>>     { "Cd2+" "Cd"  "sp3" }
>>     { "Yb2+" "Yb"  "sp3" }
>>     { "Ca2+" "Ca"  "sp3" }
>>     { "Sn2+" "Sn"  "sp3" }
>>     { "Pb2+" "Pb"  "sp3" }
>>     { "Eu2+" "Eu"  "sp3" }
>>     { "Sr2+" "Sr"  "sp3" }
>>     { "Sm2+" "Sm"  "sp3" }
>>     { "Ba2+" "Ba"  "sp3" }
>>     { "Ra2+" "Ra"  "sp3" }
>>     { "Al3+" "Al"  "sp3" }
>>     { "Fe3+" "Fe"  "sp3" }
>>     { "Cr3+" "Cr"  "sp3" }
>>     { "In3+" "In"  "sp3" }
>>     { "Tl3+" "Tl"  "sp3" }
>>     { "Y3+"  "Y"   "sp3" }
>>     { "La3+" "La"  "sp3" }
>>     { "Ce3+" "Ce"  "sp3" }
>>     { "Pr3+" "Pr"  "sp3" }
>>     { "Nd3+" "Nd"  "sp3" }
>>     { "Sm3+" "Sm"  "sp3" }
>>     { "Eu3+" "Eu"  "sp3" }
>>     { "Gd3+" "Gd"  "sp3" }
>>     { "Tb3+" "Tb"  "sp3" }
>>     { "Dy3+" "Dy"  "sp3" }
>>     { "Er3+" "Er"  "sp3" }
>>     { "Tm3+" "Tm"  "sp3" }
>>     { "Lu3+" "Lu"  "sp3" }
>>     { "Hf4+" "Hf"  "sp3" }
>>     { "Zr4+" "Zr"  "sp3" }
>>     { "Ce4+" "Ce"  "sp3" }
>>     { "U4+"  "U"   "sp3" }
>>     { "Pu4+" "Pu"  "sp3" }
>>     { "Th4+" "Th"  "sp3" }
>> }
>> loadOff atomic_ions.lib
Loading library: /mnt/c/Installers/amber22/dat/leap/lib/atomic_ions.lib
Loading: AG
Loading: AL
Loading: Ag
Loading: BA
Loading: BR
Loading: Be
Loading: CA
Loading: CD
Loading: CE
Loading: CL
Loading: CO
Loading: CR
Loading: CS
Loading: CU
Loading: CU1
Loading: Ce
Loading: Cl-
Loading: Cr
Loading: Dy
Loading: EU
Loading: EU3
Loading: Er
Loading: F
Loading: FE
Loading: FE2
Loading: GD3
Loading: H3O+
Loading: HE+
Loading: HG
Loading: HZ+
Loading: Hf
Loading: IN
Loading: IOD
Loading: K
Loading: K+
Loading: LA
Loading: LI
Loading: LU
Loading: MG
Loading: MN
Loading: NA
Loading: NH4
Loading: NI
Loading: Na+
Loading: Nd
Loading: PB
Loading: PD
Loading: PR
Loading: PT
Loading: Pu
Loading: RB
Loading: Ra
Loading: SM
Loading: SR
Loading: Sm
Loading: Sn
Loading: TB
Loading: TL
Loading: Th
Loading: Tl
Loading: Tm
Loading: U4+
Loading: V2+
Loading: Y
Loading: YB2
Loading: ZN
Loading: Zr
>> loadOff solvents.lib
Loading library: /mnt/c/Installers/amber22/dat/leap/lib/solvents.lib
Loading: CHCL3BOX
Loading: DC4
Loading: FB3
Loading: FB3BOX
Loading: FB4
Loading: FB4BOX
Loading: MEOHBOX
Loading: NMABOX
Loading: O3P
Loading: OP3
Loading: OPC
Loading: OPC3BOX
Loading: OPC3POLBOX
Loading: OPCBOX
Loading: PL3
Loading: POL3BOX
Loading: QSPCFWBOX
Loading: SPC
Loading: SPCBOX
Loading: SPCFWBOX
Loading: SPF
Loading: SPG
Loading: T4E
Loading: TIP3PBOX
Loading: TIP3PFBOX
Loading: TIP4PBOX
Loading: TIP4PEWBOX
Loading: TIP5PBOX
Loading: TP3
Loading: TP4
Loading: TP5
Loading: TPF
>> HOH = TP3
>> WAT = TP3
>> loadAmberParams frcmod.tip3p
Loading parameters: /mnt/c/Installers/amber22/dat/leap/parm/frcmod.tip3p
Reading force field modification type file (frcmod)
Reading title:
This is the additional/replacement parameter set for TIP3P water
>> loadAmberParams frcmod.ions1lm_126_tip3p
Loading parameters: /mnt/c/Installers/amber22/dat/leap/parm/frcmod.ions1lm_126_tip3p
Reading force field modification type file (frcmod)
Reading title:
Li/Merz ion parameters of monovalent ions for TIP3P water model (12-6 normal usage set)
>> loadAmberParams frcmod.ionsjc_tip3p
Loading parameters: /mnt/c/Installers/amber22/dat/leap/parm/frcmod.ionsjc_tip3p
Reading force field modification type file (frcmod)
Reading title:
Monovalent ion parameters for Ewald and TIP3P water from Joung & Cheatham JPCB (2008)
>> loadAmberParams frcmod.ions234lm_126_tip3p
Loading parameters: /mnt/c/Installers/amber22/dat/leap/parm/frcmod.ions234lm_126_tip3p
Reading force field modification type file (frcmod)
Reading title:
Li/Merz ion parameters of divalent to tetravalent ions for TIP3P water model (12-6 normal usage set)
>> 
> 
> #load ions frcmod for the tip3p model
> loadamberparams frcmod.ionsjc_tip3p

/mnt/c/Installers/amber22/bin/teLeap: Note.
A carriage return character has been read.
This is an indicator of DOS line endings.
Although LEaP treats it as whitespace, other programs may not.
One can convert line endings from DOS to UNIX with various tools including:
    dos2unix
Loading parameters: /mnt/c/Installers/amber22/dat/leap/parm/frcmod.ionsjc_tip3p
Reading force field modification type file (frcmod)
Reading title:
Monovalent ion parameters for Ewald and TIP3P water from Joung & Cheatham JPCB (2008)
> #load protein pdb file
> protein = loadpdb ../structure/3b3f_dimer_protonated7_amber.pdb

/mnt/c/Installers/amber22/bin/teLeap: Note.
A carriage return character has been read.
This is an indicator of DOS line endings.
Although LEaP treats it as whitespace, other programs may not.
One can convert line endings from DOS to UNIX with various tools including:
    dos2unix
Loading PDB file: ../structure/3b3f_dimer_protonated7_amber.pdb
Matching PDB residue names to LEaP variables.
Mapped residue PHE, term: Terminal/beginning, seq. number: 0 to: NPHE.
Mapped residue THR, term: Terminal/last, seq. number: 325 to: CTHR.
Mapped residue PHE, term: Terminal/beginning, seq. number: 326 to: NPHE.
Mapped residue THR, term: Terminal/last, seq. number: 651 to: CTHR.
  total atoms in file: 10381
> #solvate the system
> solvateoct protein TIP3PBOX 10.0

/mnt/c/Installers/amber22/bin/teLeap: Note.
A carriage return character has been read.
This is an indicator of DOS line endings.
Although LEaP treats it as whitespace, other programs may not.
One can convert line endings from DOS to UNIX with various tools including:
    dos2unix
Scaling up box by a factor of 1.233976 to meet diagonal cut criterion
  Solute vdw bounding box:              53.827 90.599 81.136
  Total bounding box for atom centers:  115.278 115.278 115.278
      (box expansion for 'iso' is  60.0%)
  Solvent unit box:                     18.774 18.774 18.774
The number of boxes:  x= 7  y= 7  z= 7
  Volume: 786073.452 A^3 (oct)
  Total mass 432282.516 amu,  Density 0.913 g/cc
  Added 19885 residues.
> #Neutralize system
> addions protein Na+ 0

/mnt/c/Installers/amber22/bin/teLeap: Note.
A carriage return character has been read.
This is an indicator of DOS line endings.
Although LEaP treats it as whitespace, other programs may not.
One can convert line endings from DOS to UNIX with various tools including:
    dos2unix
7 Na+ ions required to neutralize.
Adding 7 counter ions to "protein" using 1A grid
Total solute charge:  -7.00  Max atom radius:   2.00
Grid extends from solute vdw + 2.74  to  8.74
Box:
   enclosing:  -50.41 -46.62 -41.58   42.24 42.22 51.25
   sized:			      77.59 81.38 86.42
   edge:        128.00
Resolution:      1.00 Angstrom.
Tree depth: 7
Volume =  5.41% of box, grid points 113395
Solvent present: replacing closest with ion
	 when steric overlaps occur
Calculating grid charges
(Replacing solvent molecule)
Placed Na+ in protein at (-5.37, 0.04, -17.24).
(Replacing solvent molecule)
Placed Na+ in protein at (-17.60, 8.35, -10.36).
(Replacing solvent molecule)
Placed Na+ in protein at (-5.42, -33.62, -16.61).
(Replacing solvent molecule)
Placed Na+ in protein at (21.20, -10.56, 2.16).
(Replacing solvent molecule)
Placed Na+ in protein at (-25.88, 11.04, 15.50).
(Replacing solvent molecule)
Placed Na+ in protein at (17.49, -0.63, -28.31).
(Replacing solvent molecule)
Placed Na+ in protein at (-1.12, -3.98, 25.11).

Done adding ions.
> addions protein Cl- 0

/mnt/c/Installers/amber22/bin/teLeap: Note.
A carriage return character has been read.
This is an indicator of DOS line endings.
Although LEaP treats it as whitespace, other programs may not.
One can convert line endings from DOS to UNIX with various tools including:
    dos2unix

/mnt/c/Installers/amber22/bin/teLeap: Warning!
addIons: 1st Ion & target unit have charges of the same sign:
     unit charge = -1.4122e-13; ion1 charge = -1;
     can't neutralize.
> #neutralize the system to prepare 150 mM salt solutio
> #addIonsRand protein Na+ 45 Cl- 45
> ###check the system
> charge protein

/mnt/c/Installers/amber22/bin/teLeap: Note.
A carriage return character has been read.
This is an indicator of DOS line endings.
Although LEaP treats it as whitespace, other programs may not.
One can convert line endings from DOS to UNIX with various tools including:
    dos2unix
Total unperturbed charge:  -0.000000
Total perturbed charge:    -0.000000
> check protein

/mnt/c/Installers/amber22/bin/teLeap: Note.
A carriage return character has been read.
This is an indicator of DOS line endings.
Although LEaP treats it as whitespace, other programs may not.
One can convert line endings from DOS to UNIX with various tools including:
    dos2unix
Checking 'protein'....

/mnt/c/Installers/amber22/bin/teLeap: Warning!
Close contact of 1.346 angstroms between nonbonded atoms HE21 and HH
-------  .R<GLN 9>.A<HE21 14> and .R<TYR 509>.A<HH 15>

/mnt/c/Installers/amber22/bin/teLeap: Warning!
Close contact of 1.465 angstroms between nonbonded atoms OD2 and HD1
-------  .R<ASP 14>.A<OD2 10> and .R<HID 263>.A<HD1 10>

/mnt/c/Installers/amber22/bin/teLeap: Warning!
Close contact of 1.411 angstroms between nonbonded atoms OD1 and HG
-------  .R<ASP 31>.A<OD1 9> and .R<SER 247>.A<HG 9>

/mnt/c/Installers/amber22/bin/teLeap: Warning!
Close contact of 1.466 angstroms between nonbonded atoms HH and OE2
-------  .R<TYR 60>.A<HH 15> and .R<GLU 98>.A<OE2 13>

/mnt/c/Installers/amber22/bin/teLeap: Warning!
Close contact of 1.452 angstroms between nonbonded atoms HD13 and HE3
-------  .R<ILE 103>.A<HD13 17> and .R<MET 134>.A<HE3 15>

/mnt/c/Installers/amber22/bin/teLeap: Warning!
Close contact of 1.149 angstroms between nonbonded atoms HG1 and H
-------  .R<THR 191>.A<HG1 12> and .R<PHE 192>.A<H 2>

/mnt/c/Installers/amber22/bin/teLeap: Warning!
Close contact of 1.496 angstroms between nonbonded atoms O and HH
-------  .R<LEU 216>.A<O 19> and .R<TYR 297>.A<HH 15>

/mnt/c/Installers/amber22/bin/teLeap: Warning!
Close contact of 1.107 angstroms between nonbonded atoms HG and H
-------  .R<SER 296>.A<HG 9> and .R<TYR 297>.A<H 2>

/mnt/c/Installers/amber22/bin/teLeap: Warning!
Close contact of 1.058 angstroms between nonbonded atoms HE2 and HG3
-------  .R<MET 434>.A<HE2 14> and .R<PRO 462>.A<HG3 7>

/mnt/c/Installers/amber22/bin/teLeap: Warning!
Close contact of 1.446 angstroms between nonbonded atoms HH21 and O
-------  .R<ARG 442>.A<HH21 21> and .R<ASN 618>.A<O 14>

/mnt/c/Installers/amber22/bin/teLeap: Warning!
Close contact of 1.332 angstroms between nonbonded atoms H and HD2
-------  .R<ASP 474>.A<H 2> and .R<HID 560>.A<HD2 15>

/mnt/c/Installers/amber22/bin/teLeap: Warning!
Close contact of 1.459 angstroms between nonbonded atoms OD1 and HG
-------  .R<ASP 497>.A<OD1 9> and .R<SER 499>.A<HG 9>

/mnt/c/Installers/amber22/bin/teLeap: Warning!
Close contact of 1.225 angstroms between nonbonded atoms HG1 and H
-------  .R<THR 517>.A<HG1 12> and .R<PHE 518>.A<H 2>

/mnt/c/Installers/amber22/bin/teLeap: Warning!
Close contact of 1.475 angstroms between nonbonded atoms HG and HE2
-------  .R<SER 556>.A<HG 9> and .R<LYS 604>.A<HE2 15>
Checking parameters for unit 'protein'.
Checking for bond parameters.
Checking for angle parameters.
check:  Warnings: 14
Unit is OK.
> #write topology and coordinate files 
> saveamberparm protein solvated_3b3f_dimer.parm7 solvated_3b3f_dimer.rst7

/mnt/c/Installers/amber22/bin/teLeap: Note.
A carriage return character has been read.
This is an indicator of DOS line endings.
Although LEaP treats it as whitespace, other programs may not.
One can convert line endings from DOS to UNIX with various tools including:
    dos2unix
Checking Unit.
Building topology.
Building atom parameters.
Building bond parameters.
Building angle parameters.
Building proper torsion parameters.
Building improper torsion parameters.
 total 2176 improper torsions applied
Building H-Bond parameters.
Incorporating Non-Bonded adjustments.
Not Marking per-residue atom chain types.
Marking per-residue atom chain types.
  (Residues lacking connect0/connect1 - 
   these don't have chain types marked:

	res	total affected

	CTHR	2
	NPHE	2
	WAT	19878
  )
 (no restraints)
> savepdb protein solvated_3b3f_dimer.pdb

/mnt/c/Installers/amber22/bin/teLeap: Note.
A carriage return character has been read.
This is an indicator of DOS line endings.
Although LEaP treats it as whitespace, other programs may not.
One can convert line endings from DOS to UNIX with various tools including:
    dos2unix
Writing pdb file: solvated_3b3f_dimer.pdb
   printing CRYST1 record to PDB file with box info

/mnt/c/Installers/amber22/bin/teLeap: Warning!
 Converting N-terminal residue name to PDB format: NPHE -> PHE

/mnt/c/Installers/amber22/bin/teLeap: Warning!
 Converting C-terminal residue name to PDB format: CTHR -> THR

/mnt/c/Installers/amber22/bin/teLeap: Warning!
 Converting N-terminal residue name to PDB format: NPHE -> PHE

/mnt/c/Installers/amber22/bin/teLeap: Warning!
 Converting C-terminal residue name to PDB format: CTHR -> THR
> #quit
> quit

/mnt/c/Installers/amber22/bin/teLeap: Note.
A carriage return character has been read.
This is an indicator of DOS line endings.
Although LEaP treats it as whitespace, other programs may not.
One can convert line endings from DOS to UNIX with various tools including:
    dos2unix
	Quit

Exiting LEaP: Errors = 0; Warnings = 19; Notes = 12.
log started: Fri Jun  7 16:50:59 2024

Log file: ./leap.log
>> #
>> # ----- leaprc for loading the ff14SB force field
>> # ----- NOTE: this is designed for PDB format 3!
>> #
>> #	load atom type hybridizations
>> #
>> addAtomTypes {
>> 	{ "H"   "H" "sp3" }
>> 	{ "HO"  "H" "sp3" }
>> 	{ "HS"  "H" "sp3" }
>> 	{ "H1"  "H" "sp3" }
>> 	{ "H2"  "H" "sp3" }
>> 	{ "H3"  "H" "sp3" }
>> 	{ "H4"  "H" "sp3" }
>> 	{ "H5"  "H" "sp3" }
>> 	{ "HW"  "H" "sp3" }
>> 	{ "HC"  "H" "sp3" }
>> 	{ "HA"  "H" "sp3" }
>> 	{ "HP"  "H" "sp3" }
>> 	{ "HZ"  "H" "sp3" }
>> 	{ "OH"  "O" "sp3" }
>> 	{ "OS"  "O" "sp3" }
>> 	{ "O"   "O" "sp2" }
>> 	{ "O2"  "O" "sp2" }
>> 	{ "OP"  "O" "sp2" }
>> 	{ "OW"  "O" "sp3" }
>> 	{ "CT"  "C" "sp3" }
>> 	{ "CX"  "C" "sp3" }
>> 	{ "C8"  "C" "sp3" }
>> 	{ "2C"  "C" "sp3" }
>> 	{ "3C"  "C" "sp3" }
>> 	{ "CH"  "C" "sp3" }
>> 	{ "CS"  "C" "sp2" }
>> 	{ "C"   "C" "sp2" }
>> 	{ "CO"   "C" "sp2" }
>> 	{ "C*"  "C" "sp2" }
>> 	{ "CA"  "C" "sp2" }
>> 	{ "CB"  "C" "sp2" }
>> 	{ "CC"  "C" "sp2" }
>> 	{ "CN"  "C" "sp2" }
>> 	{ "CM"  "C" "sp2" }
>> 	{ "CK"  "C" "sp2" }
>> 	{ "CQ"  "C" "sp2" }
>> 	{ "CD"  "C" "sp2" }
>> 	{ "C5"  "C" "sp2" }
>> 	{ "C4"  "C" "sp2" }
>> 	{ "CP"  "C" "sp2" }
>> 	{ "CI"  "C" "sp3" }
>> 	{ "CJ"  "C" "sp2" }
>> 	{ "CW"  "C" "sp2" }
>> 	{ "CV"  "C" "sp2" }
>> 	{ "CR"  "C" "sp2" }
>> 	{ "CA"  "C" "sp2" }
>> 	{ "CY"  "C" "sp2" }
>> 	{ "C0"  "Ca" "sp3" }
>> 	{ "MG"  "Mg" "sp3" }
>> 	{ "N"   "N" "sp2" }
>> 	{ "NA"  "N" "sp2" }
>> 	{ "N2"  "N" "sp2" }
>> 	{ "N*"  "N" "sp2" }
>> 	{ "NP"  "N" "sp2" }
>> 	{ "NQ"  "N" "sp2" }
>> 	{ "NB"  "N" "sp2" }
>> 	{ "NC"  "N" "sp2" }
>> 	{ "NT"  "N" "sp3" }
>> 	{ "NY"  "N" "sp2" }
>> 	{ "N3"  "N" "sp3" }
>> 	{ "S"   "S" "sp3" }
>> 	{ "SH"  "S" "sp3" }
>> 	{ "P"   "P" "sp3" }
>> 	{ "LP"  ""  "sp3" }
>> 	{ "EP"  ""  "sp3" }
>> 	{ "F"   "F" "sp3" }
>> 	{ "Cl"  "Cl" "sp3" }
>> 	{ "Br"  "Br" "sp3" }
>> 	{ "I"   "I"  "sp3" }
>> }
>> #
>> #	Load the main parameter set.
>> #
>> parm10 = loadamberparams parm10.dat
Loading parameters: /mnt/c/Installers/amber22/dat/leap/parm/parm10.dat
Reading title:
PARM99 + frcmod.ff99SB + frcmod.parmbsc0 + OL3 for RNA
>> frcmod14SB = loadamberparams frcmod.ff14SB
Loading parameters: /mnt/c/Installers/amber22/dat/leap/parm/frcmod.ff14SB
Reading force field modification type file (frcmod)
Reading title:
ff14SB protein backbone and sidechain parameters
>> #
>> #	Load main chain and terminating amino acid libraries
>> #
>> loadOff amino12.lib
Loading library: /mnt/c/Installers/amber22/dat/leap/lib/amino12.lib
Loading: ALA
Loading: ARG
Loading: ASH
Loading: ASN
Loading: ASP
Loading: CYM
Loading: CYS
Loading: CYX
Loading: GLH
Loading: GLN
Loading: GLU
Loading: GLY
Loading: HID
Loading: HIE
Loading: HIP
Loading: HYP
Loading: ILE
Loading: LEU
Loading: LYN
Loading: LYS
Loading: MET
Loading: PHE
Loading: PRO
Loading: SER
Loading: THR
Loading: TRP
Loading: TYR
Loading: VAL
>> loadOff aminoct12.lib
Loading library: /mnt/c/Installers/amber22/dat/leap/lib/aminoct12.lib
Loading: CALA
Loading: CARG
Loading: CASN
Loading: CASP
Loading: CCYS
Loading: CCYX
Loading: CGLN
Loading: CGLU
Loading: CGLY
Loading: CHID
Loading: CHIE
Loading: CHIP
Loading: CHYP
Loading: CILE
Loading: CLEU
Loading: CLYS
Loading: CMET
Loading: CPHE
Loading: CPRO
Loading: CSER
Loading: CTHR
Loading: CTRP
Loading: CTYR
Loading: CVAL
Loading: NHE
Loading: NME
>> loadOff aminont12.lib
Loading library: /mnt/c/Installers/amber22/dat/leap/lib/aminont12.lib
Loading: ACE
Loading: NALA
Loading: NARG
Loading: NASN
Loading: NASP
Loading: NCYS
Loading: NCYX
Loading: NGLN
Loading: NGLU
Loading: NGLY
Loading: NHID
Loading: NHIE
Loading: NHIP
Loading: NILE
Loading: NLEU
Loading: NLYS
Loading: NMET
Loading: NPHE
Loading: NPRO
Loading: NSER
Loading: NTHR
Loading: NTRP
Loading: NTYR
Loading: NVAL
>> 
>> #
>> #	Define the PDB name map for the amino acids
>> #
>> addPdbResMap {
>>   { 0 "HYP" "HYP" } { 1 "HYP" "CHYP" }
>>   { 0 "ALA" "NALA" } { 1 "ALA" "CALA" }
>>   { 0 "ARG" "NARG" } { 1 "ARG" "CARG" }
>>   { 0 "ASN" "NASN" } { 1 "ASN" "CASN" }
>>   { 0 "ASP" "NASP" } { 1 "ASP" "CASP" }
>>   { 0 "CYS" "NCYS" } { 1 "CYS" "CCYS" }
>>   { 0 "CYX" "NCYX" } { 1 "CYX" "CCYX" }
>>   { 0 "GLN" "NGLN" } { 1 "GLN" "CGLN" }
>>   { 0 "GLU" "NGLU" } { 1 "GLU" "CGLU" }
>>   { 0 "GLY" "NGLY" } { 1 "GLY" "CGLY" }
>>   { 0 "HID" "NHID" } { 1 "HID" "CHID" }
>>   { 0 "HIE" "NHIE" } { 1 "HIE" "CHIE" }
>>   { 0 "HIP" "NHIP" } { 1 "HIP" "CHIP" }
>>   { 0 "ILE" "NILE" } { 1 "ILE" "CILE" }
>>   { 0 "LEU" "NLEU" } { 1 "LEU" "CLEU" }
>>   { 0 "LYS" "NLYS" } { 1 "LYS" "CLYS" }
>>   { 0 "MET" "NMET" } { 1 "MET" "CMET" }
>>   { 0 "PHE" "NPHE" } { 1 "PHE" "CPHE" }
>>   { 0 "PRO" "NPRO" } { 1 "PRO" "CPRO" }
>>   { 0 "SER" "NSER" } { 1 "SER" "CSER" }
>>   { 0 "THR" "NTHR" } { 1 "THR" "CTHR" }
>>   { 0 "TRP" "NTRP" } { 1 "TRP" "CTRP" }
>>   { 0 "TYR" "NTYR" } { 1 "TYR" "CTYR" }
>>   { 0 "VAL" "NVAL" } { 1 "VAL" "CVAL" }
>>   { 0 "HIS" "NHIS" } { 1 "HIS" "CHIS" }
>> }
>> 
>> #
>> # assume that most often proteins use HIE
>> #
>> NHIS = NHIE
>> HIS = HIE
>> CHIS = CHIE
> 
> #load TIP3P (water) force field
> source leaprc.water.tip3p

/mnt/c/Installers/amber22/bin/teLeap: Note.
A carriage return character has been read.
This is an indicator of DOS line endings.
Although LEaP treats it as whitespace, other programs may not.
One can convert line endings from DOS to UNIX with various tools including:
    dos2unix
----- Source: /mnt/c/Installers/amber22/dat/leap/cmd/leaprc.water.tip3p
----- Source of /mnt/c/Installers/amber22/dat/leap/cmd/leaprc.water.tip3p done
>> #
>> #       Load water and ions for TIP3P + Li/Merz monovalent ions 
>> #       + Joung-Chetham monovalent ions
>> #       + Li/Merz highly charged ions (+2 to +4, 12-6 normal usage set)
>> #
>> #       Note: the Li/Merz monovalent set is loaded only to get Tl+,
>> #          Cu+, Ag+ NH4+, H3O+.  Since we load Joung-Cheatham second,
>> #          the alkali halide parameters come from the Joung-Cheatham set
>> #
>> addAtomTypes {
>> 	{ "HW"  "H" "sp3" }
>> 	{ "OW"  "O" "sp3" }
>> 	{ "F-"   "F" "sp3" }
>> 	{ "Cl-"  "Cl" "sp3" }
>> 	{ "Br-"  "Br" "sp3" }
>> 	{ "I-"   "I"  "sp3" }
>> 	{ "Li+"  "Li"  "sp3" }
>> 	{ "Na+"  "Na"  "sp3" }
>> 	{ "K+"  "K"  "sp3" }
>> 	{ "Rb+"  "Rb"  "sp3" }
>> 	{ "Cs+"  "Cs"  "sp3" }
>> 	{ "Mg+"  "Mg"  "sp3" }
>>     { "Tl+"  "Tl"  "sp3" }
>>     { "Cu+"  "Cu"  "sp3" }
>>     { "Ag+"  "Ag"  "sp3" }
>>     { "NH4+"  "N"  "sp3" }
>>     { "H3O+"  "O"  "sp3" }
>>     { "Be2+" "Be"  "sp3" }
>>     { "Cu2+" "Cu"  "sp3" }
>>     { "Ni2+" "Ni"  "sp3" }
>>     { "Pt2+" "Pt"  "sp3" }
>>     { "Zn2+" "Zn"  "sp3" }
>>     { "Co2+" "Co"  "sp3" }
>>     { "Pd2+" "Pd"  "sp3" }
>>     { "Ag2+" "Ag"  "sp3" }
>>     { "Cr2+" "Cr"  "sp3" }
>>     { "Fe2+" "Fe"  "sp3" }
>>     { "Mg2+" "Mg"  "sp3" }
>>     { "V2+"  "V"   "sp3" }
>>     { "Mn2+" "Mn"  "sp3" }
>>     { "Hg2+" "Hg"  "sp3" }
>>     { "Cd2+" "Cd"  "sp3" }
>>     { "Yb2+" "Yb"  "sp3" }
>>     { "Ca2+" "Ca"  "sp3" }
>>     { "Sn2+" "Sn"  "sp3" }
>>     { "Pb2+" "Pb"  "sp3" }
>>     { "Eu2+" "Eu"  "sp3" }
>>     { "Sr2+" "Sr"  "sp3" }
>>     { "Sm2+" "Sm"  "sp3" }
>>     { "Ba2+" "Ba"  "sp3" }
>>     { "Ra2+" "Ra"  "sp3" }
>>     { "Al3+" "Al"  "sp3" }
>>     { "Fe3+" "Fe"  "sp3" }
>>     { "Cr3+" "Cr"  "sp3" }
>>     { "In3+" "In"  "sp3" }
>>     { "Tl3+" "Tl"  "sp3" }
>>     { "Y3+"  "Y"   "sp3" }
>>     { "La3+" "La"  "sp3" }
>>     { "Ce3+" "Ce"  "sp3" }
>>     { "Pr3+" "Pr"  "sp3" }
>>     { "Nd3+" "Nd"  "sp3" }
>>     { "Sm3+" "Sm"  "sp3" }
>>     { "Eu3+" "Eu"  "sp3" }
>>     { "Gd3+" "Gd"  "sp3" }
>>     { "Tb3+" "Tb"  "sp3" }
>>     { "Dy3+" "Dy"  "sp3" }
>>     { "Er3+" "Er"  "sp3" }
>>     { "Tm3+" "Tm"  "sp3" }
>>     { "Lu3+" "Lu"  "sp3" }
>>     { "Hf4+" "Hf"  "sp3" }
>>     { "Zr4+" "Zr"  "sp3" }
>>     { "Ce4+" "Ce"  "sp3" }
>>     { "U4+"  "U"   "sp3" }
>>     { "Pu4+" "Pu"  "sp3" }
>>     { "Th4+" "Th"  "sp3" }
>> }
>> loadOff atomic_ions.lib
Loading library: /mnt/c/Installers/amber22/dat/leap/lib/atomic_ions.lib
Loading: AG
Loading: AL
Loading: Ag
Loading: BA
Loading: BR
Loading: Be
Loading: CA
Loading: CD
Loading: CE
Loading: CL
Loading: CO
Loading: CR
Loading: CS
Loading: CU
Loading: CU1
Loading: Ce
Loading: Cl-
Loading: Cr
Loading: Dy
Loading: EU
Loading: EU3
Loading: Er
Loading: F
Loading: FE
Loading: FE2
Loading: GD3
Loading: H3O+
Loading: HE+
Loading: HG
Loading: HZ+
Loading: Hf
Loading: IN
Loading: IOD
Loading: K
Loading: K+
Loading: LA
Loading: LI
Loading: LU
Loading: MG
Loading: MN
Loading: NA
Loading: NH4
Loading: NI
Loading: Na+
Loading: Nd
Loading: PB
Loading: PD
Loading: PR
Loading: PT
Loading: Pu
Loading: RB
Loading: Ra
Loading: SM
Loading: SR
Loading: Sm
Loading: Sn
Loading: TB
Loading: TL
Loading: Th
Loading: Tl
Loading: Tm
Loading: U4+
Loading: V2+
Loading: Y
Loading: YB2
Loading: ZN
Loading: Zr
>> loadOff solvents.lib
Loading library: /mnt/c/Installers/amber22/dat/leap/lib/solvents.lib
Loading: CHCL3BOX
Loading: DC4
Loading: FB3
Loading: FB3BOX
Loading: FB4
Loading: FB4BOX
Loading: MEOHBOX
Loading: NMABOX
Loading: O3P
Loading: OP3
Loading: OPC
Loading: OPC3BOX
Loading: OPC3POLBOX
Loading: OPCBOX
Loading: PL3
Loading: POL3BOX
Loading: QSPCFWBOX
Loading: SPC
Loading: SPCBOX
Loading: SPCFWBOX
Loading: SPF
Loading: SPG
Loading: T4E
Loading: TIP3PBOX
Loading: TIP3PFBOX
Loading: TIP4PBOX
Loading: TIP4PEWBOX
Loading: TIP5PBOX
Loading: TP3
Loading: TP4
Loading: TP5
Loading: TPF
>> HOH = TP3
>> WAT = TP3
>> loadAmberParams frcmod.tip3p
Loading parameters: /mnt/c/Installers/amber22/dat/leap/parm/frcmod.tip3p
Reading force field modification type file (frcmod)
Reading title:
This is the additional/replacement parameter set for TIP3P water
>> loadAmberParams frcmod.ions1lm_126_tip3p
Loading parameters: /mnt/c/Installers/amber22/dat/leap/parm/frcmod.ions1lm_126_tip3p
Reading force field modification type file (frcmod)
Reading title:
Li/Merz ion parameters of monovalent ions for TIP3P water model (12-6 normal usage set)
>> loadAmberParams frcmod.ionsjc_tip3p
Loading parameters: /mnt/c/Installers/amber22/dat/leap/parm/frcmod.ionsjc_tip3p
Reading force field modification type file (frcmod)
Reading title:
Monovalent ion parameters for Ewald and TIP3P water from Joung & Cheatham JPCB (2008)
>> loadAmberParams frcmod.ions234lm_126_tip3p
Loading parameters: /mnt/c/Installers/amber22/dat/leap/parm/frcmod.ions234lm_126_tip3p
Reading force field modification type file (frcmod)
Reading title:
Li/Merz ion parameters of divalent to tetravalent ions for TIP3P water model (12-6 normal usage set)
>> 
> 
> #load ions frcmod for the tip3p model
> loadamberparams frcmod.ionsjc_tip3p

/mnt/c/Installers/amber22/bin/teLeap: Note.
A carriage return character has been read.
This is an indicator of DOS line endings.
Although LEaP treats it as whitespace, other programs may not.
One can convert line endings from DOS to UNIX with various tools including:
    dos2unix
Loading parameters: /mnt/c/Installers/amber22/dat/leap/parm/frcmod.ionsjc_tip3p
Reading force field modification type file (frcmod)
Reading title:
Monovalent ion parameters for Ewald and TIP3P water from Joung & Cheatham JPCB (2008)
> #load protein pdb file
> protein = loadpdb ../structure/3b3f_dimer_protonated7_amber.pdb

/mnt/c/Installers/amber22/bin/teLeap: Note.
A carriage return character has been read.
This is an indicator of DOS line endings.
Although LEaP treats it as whitespace, other programs may not.
One can convert line endings from DOS to UNIX with various tools including:
    dos2unix
Loading PDB file: ../structure/3b3f_dimer_protonated7_amber.pdb
Matching PDB residue names to LEaP variables.
Mapped residue PHE, term: Terminal/beginning, seq. number: 0 to: NPHE.
Mapped residue THR, term: Terminal/last, seq. number: 325 to: CTHR.
Mapped residue PHE, term: Terminal/beginning, seq. number: 326 to: NPHE.
Mapped residue THR, term: Terminal/last, seq. number: 651 to: CTHR.
  total atoms in file: 10381
> #solvate the system
> solvateoct protein TIP3PBOX 10.0

/mnt/c/Installers/amber22/bin/teLeap: Note.
A carriage return character has been read.
This is an indicator of DOS line endings.
Although LEaP treats it as whitespace, other programs may not.
One can convert line endings from DOS to UNIX with various tools including:
    dos2unix
Scaling up box by a factor of 1.233976 to meet diagonal cut criterion
  Solute vdw bounding box:              53.827 90.599 81.136
  Total bounding box for atom centers:  115.278 115.278 115.278
      (box expansion for 'iso' is  60.0%)
  Solvent unit box:                     18.774 18.774 18.774
The number of boxes:  x= 7  y= 7  z= 7
  Volume: 786073.452 A^3 (oct)
  Total mass 432282.516 amu,  Density 0.913 g/cc
  Added 19885 residues.
> #Neutralize system
> addions protein Na+ 0

/mnt/c/Installers/amber22/bin/teLeap: Note.
A carriage return character has been read.
This is an indicator of DOS line endings.
Although LEaP treats it as whitespace, other programs may not.
One can convert line endings from DOS to UNIX with various tools including:
    dos2unix
7 Na+ ions required to neutralize.
Adding 7 counter ions to "protein" using 1A grid
Total solute charge:  -7.00  Max atom radius:   2.00
Grid extends from solute vdw + 2.74  to  8.74
Box:
   enclosing:  -50.41 -46.62 -41.58   42.24 42.22 51.25
   sized:			      77.59 81.38 86.42
   edge:        128.00
Resolution:      1.00 Angstrom.
Tree depth: 7
Volume =  5.41% of box, grid points 113395
Solvent present: replacing closest with ion
	 when steric overlaps occur
Calculating grid charges
(Replacing solvent molecule)
Placed Na+ in protein at (-5.37, 0.04, -17.24).
(Replacing solvent molecule)
Placed Na+ in protein at (-17.60, 8.35, -10.36).
(Replacing solvent molecule)
Placed Na+ in protein at (-5.42, -33.62, -16.61).
(Replacing solvent molecule)
Placed Na+ in protein at (21.20, -10.56, 2.16).
(Replacing solvent molecule)
Placed Na+ in protein at (-25.88, 11.04, 15.50).
(Replacing solvent molecule)
Placed Na+ in protein at (17.49, -0.63, -28.31).
(Replacing solvent molecule)
Placed Na+ in protein at (-1.12, -3.98, 25.11).

Done adding ions.
> addions protein Cl- 0

/mnt/c/Installers/amber22/bin/teLeap: Note.
A carriage return character has been read.
This is an indicator of DOS line endings.
Although LEaP treats it as whitespace, other programs may not.
One can convert line endings from DOS to UNIX with various tools including:
    dos2unix

/mnt/c/Installers/amber22/bin/teLeap: Warning!
addIons: 1st Ion & target unit have charges of the same sign:
     unit charge = -1.4122e-13; ion1 charge = -1;
     can't neutralize.
> #neutralize the system to prepare 150 mM salt solutio
> addIonsRand protein Na+ 45 Cl- 45

/mnt/c/Installers/amber22/bin/teLeap: Note.
A carriage return character has been read.
This is an indicator of DOS line endings.
Although LEaP treats it as whitespace, other programs may not.
One can convert line endings from DOS to UNIX with various tools including:
    dos2unix
Adding 90 counter ions to "protein". 19788 solvent molecules will remain.
0: Placed Na+ in protein at (-8.18, -48.91, -26.47).
Placed Cl- in protein at (-41.18, -27.12, 26.46).
0: Placed Na+ in protein at (4.34, 11.98, 45.61).
Placed Cl- in protein at (-11.30, 5.11, -31.04).
0: Placed Na+ in protein at (10.14, -19.58, 30.76).
Placed Cl- in protein at (35.34, 3.09, -6.90).
0: Placed Na+ in protein at (-28.45, -29.28, 17.12).
Placed Cl- in protein at (3.20, 30.66, -20.67).
0: Placed Na+ in protein at (14.76, 7.11, 24.79).
Placed Cl- in protein at (-0.54, -13.13, 52.58).
0: Placed Na+ in protein at (15.72, 36.52, -31.80).
Placed Cl- in protein at (-46.16, 34.17, -17.15).
0: Placed Na+ in protein at (9.11, 52.06, 18.73).
Placed Cl- in protein at (41.19, 19.64, -10.46).
0: Placed Na+ in protein at (34.44, 21.59, -17.37).
Placed Cl- in protein at (24.47, -39.00, 25.01).
0: Placed Na+ in protein at (-17.61, 9.05, 56.94).
Placed Cl- in protein at (-11.55, 5.16, -20.79).
0: Placed Na+ in protein at (-5.37, -42.30, 14.12).
Placed Cl- in protein at (-12.57, -24.58, -34.37).
0: Placed Na+ in protein at (17.92, -40.89, 40.42).
Placed Cl- in protein at (-8.92, 40.36, -8.71).
0: Placed Na+ in protein at (15.74, -42.94, 13.65).
Placed Cl- in protein at (-4.58, 33.01, -39.44).
0: Placed Na+ in protein at (-36.13, -26.74, 19.66).
Placed Cl- in protein at (-46.60, 17.54, -19.84).
0: Placed Na+ in protein at (-28.37, 5.90, 36.61).
Placed Cl- in protein at (8.92, -8.85, -45.05).
0: Placed Na+ in protein at (26.15, -26.92, 25.04).
Placed Cl- in protein at (-46.88, 12.56, 7.28).
0: Placed Na+ in protein at (-5.00, -33.91, -37.00).
Placed Cl- in protein at (-5.37, 49.68, -12.43).
0: Placed Na+ in protein at (-7.57, -35.93, -6.33).
Placed Cl- in protein at (-8.18, 43.06, 0.08).
0: Placed Na+ in protein at (7.83, 33.14, -29.71).
Placed Cl- in protein at (32.43, 8.39, -42.74).
0: Placed Na+ in protein at (15.91, -37.40, 8.28).
Placed Cl- in protein at (16.26, -9.07, 24.06).
0: Placed Na+ in protein at (49.24, -0.38, 32.39).
Placed Cl- in protein at (14.45, 33.80, -31.12).
0: Placed Na+ in protein at (-21.56, 2.21, -19.77).
Placed Cl- in protein at (-29.47, 29.53, -32.81).
0: Placed Na+ in protein at (25.27, 10.62, 40.53).
Placed Cl- in protein at (-28.91, 41.47, -17.85).
0: Placed Na+ in protein at (2.33, -5.85, 54.66).
Placed Cl- in protein at (47.73, 10.96, -28.66).
0: Placed Na+ in protein at (-30.19, 17.14, -38.26).
Placed Cl- in protein at (-36.28, 20.43, 13.87).
0: Placed Na+ in protein at (1.14, 43.19, 27.33).
Placed Cl- in protein at (-10.48, 6.39, -51.01).
0: Placed Na+ in protein at (37.63, -15.55, 13.38).
Placed Cl- in protein at (-28.93, 25.95, -39.12).
0: Placed Na+ in protein at (-13.10, -1.42, -25.24).
Placed Cl- in protein at (-7.46, -12.70, -30.14).
0: Placed Na+ in protein at (8.01, 46.90, -3.71).
Placed Cl- in protein at (41.41, -19.97, -9.44).
0: Placed Na+ in protein at (-15.47, -43.05, -18.40).
Placed Cl- in protein at (47.37, 2.53, -16.13).
0: Placed Na+ in protein at (8.05, 20.59, -40.52).
Placed Cl- in protein at (-33.80, 13.74, -10.49).
0: Placed Na+ in protein at (-16.21, -34.63, 0.85).
Placed Cl- in protein at (9.04, 1.76, 40.09).
0: Placed Na+ in protein at (12.31, -21.59, 50.69).
Placed Cl- in protein at (-37.89, -22.95, 22.58).
0: Placed Na+ in protein at (20.67, -7.27, 49.29).
Placed Cl- in protein at (-39.28, -22.31, 16.19).
0: Placed Na+ in protein at (22.67, -41.08, -0.59).
Placed Cl- in protein at (7.47, -40.62, 9.40).
0: Placed Na+ in protein at (11.39, -37.75, 6.33).
Placed Cl- in protein at (-6.09, -42.41, 3.16).
0: Placed Na+ in protein at (24.78, -13.87, 40.00).
Placed Cl- in protein at (-19.50, 3.54, 53.01).
0: Placed Na+ in protein at (-13.73, 11.48, -33.65).
Placed Cl- in protein at (34.12, 14.14, -29.68).
0: Placed Na+ in protein at (36.39, -16.45, 10.87).
Placed Cl- in protein at (-33.32, 25.94, -26.69).
0: Placed Na+ in protein at (14.04, 23.00, -33.95).
Placed Cl- in protein at (49.18, 22.32, -10.44).
0: Placed Na+ in protein at (-29.14, -43.36, 22.96).
Placed Cl- in protein at (-1.90, -5.57, 53.74).
0: Placed Na+ in protein at (10.51, -30.64, -30.05).
Placed Cl- in protein at (-21.72, -12.81, -37.14).
0: Placed Na+ in protein at (-12.76, 6.48, -45.05).
Placed Cl- in protein at (23.96, -17.54, 5.58).
0: Placed Na+ in protein at (-20.10, 32.13, -3.80).
Placed Cl- in protein at (-16.26, 36.92, 24.06).
0: Placed Na+ in protein at (12.93, 32.18, -27.51).
Placed Cl- in protein at (22.04, 6.39, 28.64).
0: Placed Na+ in protein at (34.79, -19.44, 25.20).
Placed Cl- in protein at (-32.61, 22.88, -12.01).
> ###check the system
> charge protein

/mnt/c/Installers/amber22/bin/teLeap: Note.
A carriage return character has been read.
This is an indicator of DOS line endings.
Although LEaP treats it as whitespace, other programs may not.
One can convert line endings from DOS to UNIX with various tools including:
    dos2unix
Total unperturbed charge:  -0.000000
Total perturbed charge:    -0.000000
> check protein

/mnt/c/Installers/amber22/bin/teLeap: Note.
A carriage return character has been read.
This is an indicator of DOS line endings.
Although LEaP treats it as whitespace, other programs may not.
One can convert line endings from DOS to UNIX with various tools including:
    dos2unix
Checking 'protein'....

/mnt/c/Installers/amber22/bin/teLeap: Warning!
Close contact of 1.346 angstroms between nonbonded atoms HE21 and HH
-------  .R<GLN 9>.A<HE21 14> and .R<TYR 509>.A<HH 15>

/mnt/c/Installers/amber22/bin/teLeap: Warning!
Close contact of 1.465 angstroms between nonbonded atoms OD2 and HD1
-------  .R<ASP 14>.A<OD2 10> and .R<HID 263>.A<HD1 10>

/mnt/c/Installers/amber22/bin/teLeap: Warning!
Close contact of 1.411 angstroms between nonbonded atoms OD1 and HG
-------  .R<ASP 31>.A<OD1 9> and .R<SER 247>.A<HG 9>

/mnt/c/Installers/amber22/bin/teLeap: Warning!
Close contact of 1.466 angstroms between nonbonded atoms HH and OE2
-------  .R<TYR 60>.A<HH 15> and .R<GLU 98>.A<OE2 13>

/mnt/c/Installers/amber22/bin/teLeap: Warning!
Close contact of 1.452 angstroms between nonbonded atoms HD13 and HE3
-------  .R<ILE 103>.A<HD13 17> and .R<MET 134>.A<HE3 15>

/mnt/c/Installers/amber22/bin/teLeap: Warning!
Close contact of 1.149 angstroms between nonbonded atoms HG1 and H
-------  .R<THR 191>.A<HG1 12> and .R<PHE 192>.A<H 2>

/mnt/c/Installers/amber22/bin/teLeap: Warning!
Close contact of 1.496 angstroms between nonbonded atoms O and HH
-------  .R<LEU 216>.A<O 19> and .R<TYR 297>.A<HH 15>

/mnt/c/Installers/amber22/bin/teLeap: Warning!
Close contact of 1.107 angstroms between nonbonded atoms HG and H
-------  .R<SER 296>.A<HG 9> and .R<TYR 297>.A<H 2>

/mnt/c/Installers/amber22/bin/teLeap: Warning!
Close contact of 1.058 angstroms between nonbonded atoms HE2 and HG3
-------  .R<MET 434>.A<HE2 14> and .R<PRO 462>.A<HG3 7>

/mnt/c/Installers/amber22/bin/teLeap: Warning!
Close contact of 1.446 angstroms between nonbonded atoms HH21 and O
-------  .R<ARG 442>.A<HH21 21> and .R<ASN 618>.A<O 14>

/mnt/c/Installers/amber22/bin/teLeap: Warning!
Close contact of 1.332 angstroms between nonbonded atoms H and HD2
-------  .R<ASP 474>.A<H 2> and .R<HID 560>.A<HD2 15>

/mnt/c/Installers/amber22/bin/teLeap: Warning!
Close contact of 1.459 angstroms between nonbonded atoms OD1 and HG
-------  .R<ASP 497>.A<OD1 9> and .R<SER 499>.A<HG 9>

/mnt/c/Installers/amber22/bin/teLeap: Warning!
Close contact of 1.225 angstroms between nonbonded atoms HG1 and H
-------  .R<THR 517>.A<HG1 12> and .R<PHE 518>.A<H 2>

/mnt/c/Installers/amber22/bin/teLeap: Warning!
Close contact of 1.475 angstroms between nonbonded atoms HG and HE2
-------  .R<SER 556>.A<HG 9> and .R<LYS 604>.A<HE2 15>
Checking parameters for unit 'protein'.
Checking for bond parameters.
Checking for angle parameters.
check:  Warnings: 14
Unit is OK.
> #write topology and coordinate files 
> saveamberparm protein solvated_3b3f_dimer.parm7 solvated_3b3f_dimer.rst7

/mnt/c/Installers/amber22/bin/teLeap: Note.
A carriage return character has been read.
This is an indicator of DOS line endings.
Although LEaP treats it as whitespace, other programs may not.
One can convert line endings from DOS to UNIX with various tools including:
    dos2unix
Checking Unit.
Building topology.
Building atom parameters.
Building bond parameters.
Building angle parameters.
Building proper torsion parameters.
Building improper torsion parameters.
 total 2176 improper torsions applied
Building H-Bond parameters.
Incorporating Non-Bonded adjustments.
Not Marking per-residue atom chain types.
Marking per-residue atom chain types.
  (Residues lacking connect0/connect1 - 
   these don't have chain types marked:

	res	total affected

	CTHR	2
	NPHE	2
	WAT	19788
  )
 (no restraints)
> savepdb protein solvated_3b3f_dimer.pdb

/mnt/c/Installers/amber22/bin/teLeap: Note.
A carriage return character has been read.
This is an indicator of DOS line endings.
Although LEaP treats it as whitespace, other programs may not.
One can convert line endings from DOS to UNIX with various tools including:
    dos2unix
Writing pdb file: solvated_3b3f_dimer.pdb
   printing CRYST1 record to PDB file with box info

/mnt/c/Installers/amber22/bin/teLeap: Warning!
 Converting N-terminal residue name to PDB format: NPHE -> PHE

/mnt/c/Installers/amber22/bin/teLeap: Warning!
 Converting C-terminal residue name to PDB format: CTHR -> THR

/mnt/c/Installers/amber22/bin/teLeap: Warning!
 Converting N-terminal residue name to PDB format: NPHE -> PHE

/mnt/c/Installers/amber22/bin/teLeap: Warning!
 Converting C-terminal residue name to PDB format: CTHR -> THR
> #quit
> quit

/mnt/c/Installers/amber22/bin/teLeap: Note.
A carriage return character has been read.
This is an indicator of DOS line endings.
Although LEaP treats it as whitespace, other programs may not.
One can convert line endings from DOS to UNIX with various tools including:
    dos2unix
	Quit

Exiting LEaP: Errors = 0; Warnings = 19; Notes = 13.
