# 06/15/24 16:43:42
parm ../tleap/solvated_3b3j_dimer.parm7
trajin ../mdrun/3b3j_dimer_md400.mdcrd 1 last 10
unwrap :1-652 
center origin :1-652
autoimage
strip :WAT,Na+,Cl-
rmsd :1-652&!@H= first perres perresavg range 1-652 perres out rmsd_byres_3b3j_dimer_400.dat
rms all @N,CA,C first out 3b3j_dimer_all_rmsd.dat
rms pro :1-652&@N,CA,C first out 3b3j_dimer_pro_rmsd.dat
atomicfluct :1-652&!(@H=) out rmsf_3b3j_dimer_400.dat byres
radgyr :1-652&!(@H=) out rog_3b3j_dimer_400.dat mass
trajout aligned_3b3j_dimer_md400_ski10.mdcrd nobox
run
clear all
parm ../tleap/solvated_3b3j_dimer.parm7
parmstrip :WAT,Na+,Cl-
parmwrite out stripped_3b3j_dimer.parm7
run
clear all
parm ../tleap/solvated_3b3j_dimer.parm7
trajin ../mdrun/3b3j_dimer_md400.mdcrd 1 last 10
unwrap :1-652 
center origin :1-652
autoimage
strip :WAT,Na+,Cl-
rms first @N,C,CA
average @N,C,CA crdset trajaverage3b3jDimer
createcrd trajectory3b3jDimer
run
crdaction trajectory3b3jDimer rms ref trajaverage3b3jDimer @N,C,CA
crdaction trajectory3b3jDimer matrix covar name covmatrix3b3jDimer @N,C,CA
runanalysis diagmatrix covmatrix3b3jDimer out evecs3b3jDimer.dat vecs 10 name eigenvectors3b3jDimer nmwiz nmwizvecs 10 nmwizfile normalmodes3b3jDimer.nmd nmwizmask @N,C,CA
crdaction trajectory3b3jDimer projection modes eigenvectors3b3jDimer beg 1 end 10 @N,C,CA out pca3b3jDimer.dat crdframes 1,last
run
clear all
readdata evecs3b3jDimer.dat name eigenvectors3b3jDimer
parm stripped_3b3j_dimer.parm7
parmwrite out 3b3jDimer.prmtop
runanalysis modes name eigenvectors3b3jDimer trajout modes3b3jDimer.dcd pcmin -150 pcmax 150 tmode 1 trajoutmask @N,C,CA trajoutfmt dcd
run
